{"/home/ubuntu/workspace/lib/accm.js":{"path":"/home/ubuntu/workspace/lib/accm.js","s":{"1":1,"2":1,"3":1,"4":1,"5":19,"6":1,"7":44,"8":81,"9":1,"10":14,"11":1,"12":13,"13":1,"14":12,"15":1,"16":11,"17":11,"18":11,"19":6,"20":6,"21":1,"22":5,"23":5,"24":5,"25":5,"26":5,"27":1,"28":4,"29":4,"30":4,"31":4,"32":4,"33":1,"34":3,"35":3,"36":3,"37":2,"38":2,"39":1,"40":1,"41":10,"42":10,"43":1,"44":9,"45":9,"46":1,"47":8,"48":1,"49":7,"50":3,"51":4,"52":8,"53":2,"54":5,"55":3,"56":3,"57":1,"58":16,"59":16,"60":15,"61":1,"62":1},"b":{"1":[1,12],"2":[13,12,12],"3":[1,11],"4":[1,5],"5":[1,4],"6":[4,2],"7":[1,3],"8":[4,3],"9":[1,1],"10":[2,2],"11":[1,9],"12":[1,8],"13":[9,2],"14":[1,7],"15":[8,1],"16":[3,4],"17":[7,7],"18":[8,5],"19":[15,1]},"f":{"1":19,"2":44,"3":81,"4":14,"5":13,"6":6,"7":5,"8":4,"9":2,"10":2,"11":10,"12":8,"13":2,"14":5,"15":3,"16":16},"fnMap":{"1":{"name":"(anonymous_1)","line":9,"loc":{"start":{"line":9,"column":20},"end":{"line":9,"column":32}}},"2":{"name":"(anonymous_2)","line":13,"loc":{"start":{"line":13,"column":18},"end":{"line":13,"column":38}}},"3":{"name":"(anonymous_3)","line":14,"loc":{"start":{"line":14,"column":43},"end":{"line":14,"column":59}}},"4":{"name":"(anonymous_4)","line":17,"loc":{"start":{"line":17,"column":21},"end":{"line":17,"column":41}}},"5":{"name":"(anonymous_5)","line":22,"loc":{"start":{"line":22,"column":14},"end":{"line":22,"column":69}}},"6":{"name":"(anonymous_6)","line":38,"loc":{"start":{"line":38,"column":17},"end":{"line":38,"column":37}}},"7":{"name":"(anonymous_7)","line":46,"loc":{"start":{"line":46,"column":19},"end":{"line":46,"column":49}}},"8":{"name":"(anonymous_8)","line":54,"loc":{"start":{"line":54,"column":25},"end":{"line":54,"column":57}}},"9":{"name":"(anonymous_9)","line":62,"loc":{"start":{"line":62,"column":17},"end":{"line":62,"column":43}}},"10":{"name":"(anonymous_10)","line":66,"loc":{"start":{"line":66,"column":21},"end":{"line":66,"column":54}}},"11":{"name":"(anonymous_11)","line":73,"loc":{"start":{"line":73,"column":18},"end":{"line":73,"column":58}}},"12":{"name":"(anonymous_12)","line":87,"loc":{"start":{"line":87,"column":45},"end":{"line":87,"column":70}}},"13":{"name":"(anonymous_13)","line":91,"loc":{"start":{"line":91,"column":26},"end":{"line":91,"column":46}}},"14":{"name":"(anonymous_14)","line":95,"loc":{"start":{"line":95,"column":16},"end":{"line":95,"column":28}}},"15":{"name":"(anonymous_15)","line":96,"loc":{"start":{"line":96,"column":69},"end":{"line":96,"column":85}}},"16":{"name":"(anonymous_16)","line":103,"loc":{"start":{"line":103,"column":17},"end":{"line":103,"column":36}}}},"statementMap":{"1":{"start":{"line":1,"column":0},"end":{"line":3,"column":23}},"2":{"start":{"line":6,"column":0},"end":{"line":6,"column":42}},"3":{"start":{"line":7,"column":0},"end":{"line":7,"column":16}},"4":{"start":{"line":9,"column":0},"end":{"line":11,"column":2}},"5":{"start":{"line":10,"column":4},"end":{"line":10,"column":67}},"6":{"start":{"line":13,"column":0},"end":{"line":15,"column":2}},"7":{"start":{"line":14,"column":4},"end":{"line":14,"column":99}},"8":{"start":{"line":14,"column":61},"end":{"line":14,"column":95}},"9":{"start":{"line":17,"column":0},"end":{"line":19,"column":2}},"10":{"start":{"line":18,"column":4},"end":{"line":18,"column":38}},"11":{"start":{"line":21,"column":0},"end":{"line":101,"column":2}},"12":{"start":{"line":23,"column":8},"end":{"line":27,"column":9}},"13":{"start":{"line":24,"column":12},"end":{"line":24,"column":76}},"14":{"start":{"line":25,"column":15},"end":{"line":27,"column":9}},"15":{"start":{"line":26,"column":12},"end":{"line":26,"column":55}},"16":{"start":{"line":28,"column":8},"end":{"line":33,"column":25}},"17":{"start":{"line":34,"column":8},"end":{"line":34,"column":24}},"18":{"start":{"line":35,"column":8},"end":{"line":35,"column":20}},"19":{"start":{"line":39,"column":8},"end":{"line":39,"column":42}},"20":{"start":{"line":40,"column":8},"end":{"line":40,"column":39}},"21":{"start":{"line":40,"column":25},"end":{"line":40,"column":37}},"22":{"start":{"line":41,"column":8},"end":{"line":41,"column":60}},"23":{"start":{"line":42,"column":8},"end":{"line":42,"column":24}},"24":{"start":{"line":43,"column":8},"end":{"line":43,"column":20}},"25":{"start":{"line":47,"column":8},"end":{"line":47,"column":42}},"26":{"start":{"line":48,"column":8},"end":{"line":48,"column":39}},"27":{"start":{"line":48,"column":25},"end":{"line":48,"column":37}},"28":{"start":{"line":49,"column":8},"end":{"line":49,"column":77}},"29":{"start":{"line":50,"column":8},"end":{"line":50,"column":33}},"30":{"start":{"line":51,"column":8},"end":{"line":51,"column":93}},"31":{"start":{"line":55,"column":8},"end":{"line":55,"column":42}},"32":{"start":{"line":56,"column":8},"end":{"line":56,"column":61}},"33":{"start":{"line":56,"column":47},"end":{"line":56,"column":59}},"34":{"start":{"line":57,"column":8},"end":{"line":57,"column":47}},"35":{"start":{"line":58,"column":8},"end":{"line":58,"column":24}},"36":{"start":{"line":59,"column":8},"end":{"line":59,"column":20}},"37":{"start":{"line":63,"column":8},"end":{"line":63,"column":68}},"38":{"start":{"line":67,"column":8},"end":{"line":69,"column":9}},"39":{"start":{"line":68,"column":12},"end":{"line":68,"column":73}},"40":{"start":{"line":70,"column":8},"end":{"line":70,"column":102}},"41":{"start":{"line":75,"column":8},"end":{"line":75,"column":42}},"42":{"start":{"line":76,"column":8},"end":{"line":76,"column":39}},"43":{"start":{"line":76,"column":25},"end":{"line":76,"column":37}},"44":{"start":{"line":77,"column":8},"end":{"line":77,"column":61}},"45":{"start":{"line":80,"column":8},"end":{"line":88,"column":9}},"46":{"start":{"line":81,"column":12},"end":{"line":81,"column":58}},"47":{"start":{"line":82,"column":15},"end":{"line":88,"column":9}},"48":{"start":{"line":83,"column":12},"end":{"line":83,"column":67}},"49":{"start":{"line":84,"column":15},"end":{"line":88,"column":9}},"50":{"start":{"line":85,"column":12},"end":{"line":85,"column":68}},"51":{"start":{"line":87,"column":12},"end":{"line":87,"column":138}},"52":{"start":{"line":87,"column":72},"end":{"line":87,"column":127}},"53":{"start":{"line":92,"column":8},"end":{"line":92,"column":40}},"54":{"start":{"line":96,"column":8},"end":{"line":99,"column":11}},"55":{"start":{"line":97,"column":12},"end":{"line":97,"column":33}},"56":{"start":{"line":98,"column":12},"end":{"line":98,"column":24}},"57":{"start":{"line":103,"column":0},"end":{"line":111,"column":2}},"58":{"start":{"line":104,"column":4},"end":{"line":104,"column":22}},"59":{"start":{"line":106,"column":4},"end":{"line":108,"column":5}},"60":{"start":{"line":107,"column":8},"end":{"line":107,"column":25}},"61":{"start":{"line":109,"column":4},"end":{"line":109,"column":57}},"62":{"start":{"line":110,"column":4},"end":{"line":110,"column":21}}},"branchMap":{"1":{"line":23,"type":"if","locations":[{"start":{"line":23,"column":8},"end":{"line":23,"column":8}},{"start":{"line":23,"column":8},"end":{"line":23,"column":8}}]},"2":{"line":23,"type":"binary-expr","locations":[{"start":{"line":23,"column":12},"end":{"line":23,"column":21}},{"start":{"line":23,"column":25},"end":{"line":23,"column":34}},{"start":{"line":23,"column":38},"end":{"line":23,"column":43}}]},"3":{"line":25,"type":"if","locations":[{"start":{"line":25,"column":15},"end":{"line":25,"column":15}},{"start":{"line":25,"column":15},"end":{"line":25,"column":15}}]},"4":{"line":40,"type":"if","locations":[{"start":{"line":40,"column":8},"end":{"line":40,"column":8}},{"start":{"line":40,"column":8},"end":{"line":40,"column":8}}]},"5":{"line":48,"type":"if","locations":[{"start":{"line":48,"column":8},"end":{"line":48,"column":8}},{"start":{"line":48,"column":8},"end":{"line":48,"column":8}}]},"6":{"line":51,"type":"binary-expr","locations":[{"start":{"line":51,"column":15},"end":{"line":51,"column":80}},{"start":{"line":51,"column":84},"end":{"line":51,"column":92}}]},"7":{"line":56,"type":"if","locations":[{"start":{"line":56,"column":8},"end":{"line":56,"column":8}},{"start":{"line":56,"column":8},"end":{"line":56,"column":8}}]},"8":{"line":56,"type":"binary-expr","locations":[{"start":{"line":56,"column":12},"end":{"line":56,"column":21}},{"start":{"line":56,"column":25},"end":{"line":56,"column":43}}]},"9":{"line":67,"type":"if","locations":[{"start":{"line":67,"column":8},"end":{"line":67,"column":8}},{"start":{"line":67,"column":8},"end":{"line":67,"column":8}}]},"10":{"line":67,"type":"binary-expr","locations":[{"start":{"line":67,"column":12},"end":{"line":67,"column":21}},{"start":{"line":67,"column":25},"end":{"line":67,"column":37}}]},"11":{"line":76,"type":"if","locations":[{"start":{"line":76,"column":8},"end":{"line":76,"column":8}},{"start":{"line":76,"column":8},"end":{"line":76,"column":8}}]},"12":{"line":80,"type":"if","locations":[{"start":{"line":80,"column":8},"end":{"line":80,"column":8}},{"start":{"line":80,"column":8},"end":{"line":80,"column":8}}]},"13":{"line":80,"type":"binary-expr","locations":[{"start":{"line":80,"column":12},"end":{"line":80,"column":42}},{"start":{"line":80,"column":46},"end":{"line":80,"column":73}}]},"14":{"line":82,"type":"if","locations":[{"start":{"line":82,"column":15},"end":{"line":82,"column":15}},{"start":{"line":82,"column":15},"end":{"line":82,"column":15}}]},"15":{"line":82,"type":"binary-expr","locations":[{"start":{"line":82,"column":19},"end":{"line":82,"column":49}},{"start":{"line":82,"column":53},"end":{"line":82,"column":79}}]},"16":{"line":84,"type":"if","locations":[{"start":{"line":84,"column":15},"end":{"line":84,"column":15}},{"start":{"line":84,"column":15},"end":{"line":84,"column":15}}]},"17":{"line":84,"type":"binary-expr","locations":[{"start":{"line":84,"column":19},"end":{"line":84,"column":48}},{"start":{"line":84,"column":52},"end":{"line":84,"column":79}}]},"18":{"line":87,"type":"binary-expr","locations":[{"start":{"line":87,"column":79},"end":{"line":87,"column":82}},{"start":{"line":87,"column":86},"end":{"line":87,"column":126}}]},"19":{"line":106,"type":"if","locations":[{"start":{"line":106,"column":4},"end":{"line":106,"column":4}},{"start":{"line":106,"column":4},"end":{"line":106,"column":4}}]}}}}