TN:
SF:/home/ubuntu/workspace/lib/accm.js
FN:9,(anonymous_1)
FN:13,(anonymous_2)
FN:14,(anonymous_3)
FN:17,(anonymous_4)
FN:22,(anonymous_5)
FN:38,(anonymous_6)
FN:46,(anonymous_7)
FN:54,(anonymous_8)
FN:62,(anonymous_9)
FN:66,(anonymous_10)
FN:73,(anonymous_11)
FN:87,(anonymous_12)
FN:91,(anonymous_13)
FN:95,(anonymous_14)
FN:96,(anonymous_15)
FN:103,(anonymous_16)
FNF:16
FNH:16
FNDA:19,(anonymous_1)
FNDA:44,(anonymous_2)
FNDA:81,(anonymous_3)
FNDA:14,(anonymous_4)
FNDA:13,(anonymous_5)
FNDA:6,(anonymous_6)
FNDA:5,(anonymous_7)
FNDA:4,(anonymous_8)
FNDA:2,(anonymous_9)
FNDA:2,(anonymous_10)
FNDA:10,(anonymous_11)
FNDA:8,(anonymous_12)
FNDA:2,(anonymous_13)
FNDA:5,(anonymous_14)
FNDA:3,(anonymous_15)
FNDA:16,(anonymous_16)
DA:1,1
DA:6,1
DA:7,1
DA:9,1
DA:10,19
DA:13,1
DA:14,81
DA:17,1
DA:18,14
DA:21,1
DA:23,13
DA:24,1
DA:25,12
DA:26,1
DA:28,11
DA:34,11
DA:35,11
DA:39,6
DA:40,6
DA:41,5
DA:42,5
DA:43,5
DA:47,5
DA:48,5
DA:49,4
DA:50,4
DA:51,4
DA:55,4
DA:56,4
DA:57,3
DA:58,3
DA:59,3
DA:63,2
DA:67,2
DA:68,1
DA:70,1
DA:75,10
DA:76,10
DA:77,9
DA:80,9
DA:81,1
DA:82,8
DA:83,1
DA:84,7
DA:85,3
DA:87,8
DA:92,2
DA:96,5
DA:97,3
DA:98,3
DA:103,1
DA:104,16
DA:106,16
DA:107,15
DA:109,1
DA:110,1
LF:56
LH:56
BRDA:23,1,0,1
BRDA:23,1,1,12
BRDA:23,2,0,13
BRDA:23,2,1,12
BRDA:23,2,2,12
BRDA:25,3,0,1
BRDA:25,3,1,11
BRDA:40,4,0,1
BRDA:40,4,1,5
BRDA:48,5,0,1
BRDA:48,5,1,4
BRDA:51,6,0,4
BRDA:51,6,1,2
BRDA:56,7,0,1
BRDA:56,7,1,3
BRDA:56,8,0,4
BRDA:56,8,1,3
BRDA:67,9,0,1
BRDA:67,9,1,1
BRDA:67,10,0,2
BRDA:67,10,1,2
BRDA:76,11,0,1
BRDA:76,11,1,9
BRDA:80,12,0,1
BRDA:80,12,1,8
BRDA:80,13,0,9
BRDA:80,13,1,2
BRDA:82,14,0,1
BRDA:82,14,1,7
BRDA:82,15,0,8
BRDA:82,15,1,1
BRDA:84,16,0,3
BRDA:84,16,1,4
BRDA:84,17,0,7
BRDA:84,17,1,7
BRDA:87,18,0,8
BRDA:87,18,1,5
BRDA:106,19,0,15
BRDA:106,19,1,1
BRF:39
BRH:39
end_of_record
